<?xml version="1.0" encoding="UTF-8"?>
<!-- Generated by org.testng.reporters.JUnitReportReporter -->
<testsuite hostname="LenovoLaptop" failures="0" tests="1" name="selPaackadsf.Screenshots" time="19.461" errors="0" timestamp="2023-11-08T01:13:09 IST" skipped="0">
  <testcase classname="selPaackadsf.Screenshots" name="screeshotTest" time="19.461"/>
</testsuite> <!-- selPaackadsf.Screenshots -->
