<?xml version="1.0" encoding="UTF-8"?>
<!-- Generated by org.testng.reporters.JUnitReportReporter -->
<testsuite hostname="LenovoLaptop" failures="0" tests="1" name="selPaackadsf.FileUpload" time="0.088" errors="0" timestamp="2023-08-08T17:26:56 IST" skipped="0">
  <testcase classname="selPaackadsf.FileUpload" name="uploadfile" time="0.088"/>
</testsuite> <!-- selPaackadsf.FileUpload -->
