<?xml version="1.0" encoding="UTF-8"?>
<!-- Generated by org.testng.reporters.JUnitReportReporter -->
<testsuite hostname="LenovoLaptop" failures="0" tests="1" name="selPaackadsf.FileUpload" time="0.253" errors="0" timestamp="2023-08-09T15:17:54 IST" skipped="0">
  <testcase classname="selPaackadsf.FileUpload" name="uploadfile" time="0.253"/>
</testsuite> <!-- selPaackadsf.FileUpload -->
