<?xml version="1.0" encoding="UTF-8"?>
<!-- Generated by org.testng.reporters.JUnitReportReporter -->
<testsuite hostname="LenovoLaptop" failures="0" tests="2" name="assignment02SeleniumPackage.TC2_SearchCourses" time="39.419" errors="0" timestamp="2023-08-31T02:15:24 IST" skipped="0">
  <testcase classname="assignment02SeleniumPackage.TC2_SearchCourses" name="verifyLogin" time="17.881"/>
  <testcase classname="assignment02SeleniumPackage.TC2_SearchCourses" name="searchCourse" time="21.538"/>
</testsuite> <!-- assignment02SeleniumPackage.TC2_SearchCourses -->
